<?xml version="1.0" encoding="UTF-8"?>
<robot generator="Robot 4.1.2 (Python 3.6.5 on win32)" generated="20220304 19:50:43.447" rpa="false" schemaversion="2">
<suite id="s1" name="Productsearch" source="E:\developments\ProductSearch\TestCases\Productsearch.robot">
<test id="s1-t1" name="User select online merchindize">
<kw name="Begin Web Test" library="Common" type="SETUP">
<kw name="Open Browser" library="SeleniumLibrary">
<arg>about:blank</arg>
<arg>${BROWSER}</arg>
<doc>Opens a new browser instance to the optional ``url``.</doc>
<msg timestamp="20220304 19:50:43.728" level="INFO">Opening browser 'chrome' to base url 'about:blank'.</msg>
<status status="PASS" starttime="20220304 19:50:43.727" endtime="20220304 19:50:45.074"/>
</kw>
<status status="PASS" starttime="20220304 19:50:43.727" endtime="20220304 19:50:45.075"/>
</kw>
<kw name="Given User select online merchandize" library="Amazon">
<kw name="User Enter the website" library="LandingPage">
<kw name="Go To" library="SeleniumLibrary">
<arg>${URL}</arg>
<doc>Navigates the current browser window to the provided ``url``.</doc>
<msg timestamp="20220304 19:50:45.080" level="INFO">Opening url 'https://www.amazon.in/'</msg>
<status status="PASS" starttime="20220304 19:50:45.079" endtime="20220304 19:50:51.291"/>
</kw>
<kw name="Maximize Browser Window" library="SeleniumLibrary">
<doc>Maximizes current browser window.</doc>
<status status="PASS" starttime="20220304 19:50:51.291" endtime="20220304 19:50:51.454"/>
</kw>
<status status="PASS" starttime="20220304 19:50:45.078" endtime="20220304 19:50:51.455"/>
</kw>
<kw name="Verify the website" library="LandingPage">
<kw name="Wait Until Page Contains Element" library="SeleniumLibrary">
<arg>${AmazonLogo}</arg>
<doc>Waits until the element ``locator`` appears on the current page.</doc>
<status status="PASS" starttime="20220304 19:50:51.457" endtime="20220304 19:50:51.565"/>
</kw>
<status status="PASS" starttime="20220304 19:50:51.455" endtime="20220304 19:50:51.566"/>
</kw>
<status status="PASS" starttime="20220304 19:50:45.076" endtime="20220304 19:50:51.566"/>
</kw>
<kw name="Then User search for relevant product by filtered options" library="Amazon">
<kw name="User enter product name in search bar" library="search">
<kw name="Input Text" library="SeleniumLibrary">
<arg>${InputBar and search button}[0]</arg>
<arg>${SEARCH_TEXT}</arg>
<doc>Types the given ``text`` into the text field identified by ``locator``.</doc>
<msg timestamp="20220304 19:50:51.569" level="INFO">Typing text 'Jockey underwear' into text field 'id=twotabsearchtextbox'.</msg>
<status status="PASS" starttime="20220304 19:50:51.568" endtime="20220304 19:50:51.879"/>
</kw>
<status status="PASS" starttime="20220304 19:50:51.568" endtime="20220304 19:50:51.880"/>
</kw>
<kw name="User enter the click button" library="search">
<kw name="Element Should Be Focused" library="SeleniumLibrary">
<arg>${InputBar and search button}[1]</arg>
<doc>Verifies that element identified by ``locator`` is focused.</doc>
<status status="PASS" starttime="20220304 19:50:51.882" endtime="20220304 19:50:51.915"/>
</kw>
<kw name="Press Keys" library="SeleniumLibrary">
<arg>${InputBar and search button}[1]</arg>
<arg>\ue007</arg>
<doc>Simulates the user pressing key(s) to an element or on the active browser.</doc>
<msg timestamp="20220304 19:50:51.917" level="INFO">Sending key(s) ('\ue007',) to xpath=//*[@id="nav-search"]/form/div[2]/div/input element.</msg>
<msg timestamp="20220304 19:50:52.428" level="INFO">Sending key </msg>
<status status="PASS" starttime="20220304 19:50:51.915" endtime="20220304 19:50:56.614"/>
</kw>
<kw name="Wait Until Page Contains" library="SeleniumLibrary">
<arg>results for "${SEARCH_TEXT}"</arg>
<doc>Waits until ``text`` appears on the current page.</doc>
<status status="PASS" starttime="20220304 19:50:56.614" endtime="20220304 19:50:56.813"/>
</kw>
<status status="PASS" starttime="20220304 19:50:51.882" endtime="20220304 19:50:56.813"/>
</kw>
<status status="PASS" starttime="20220304 19:50:51.567" endtime="20220304 19:50:56.814"/>
</kw>
<kw name="Then User filtered the product search as per requirements" library="Amazon">
<kw name="Sleep" library="BuiltIn">
<arg>5sec</arg>
<doc>Pauses the test executed for the given time.</doc>
<msg timestamp="20220304 19:51:01.821" level="INFO">Slept 5 seconds</msg>
<status status="PASS" starttime="20220304 19:50:56.815" endtime="20220304 19:51:01.821"/>
</kw>
<kw name="Select top brands only" library="filteredthesearch">
<kw name="Click Element" library="SeleniumLibrary">
<arg>${top_brands}</arg>
<doc>Click the element identified by ``locator``.</doc>
<msg timestamp="20220304 19:51:01.823" level="INFO">Clicking element 'xpath= //li[@aria-label="Top Brands"]/span/a/div/label/i'.</msg>
<status status="PASS" starttime="20220304 19:51:01.822" endtime="20220304 19:51:04.128"/>
</kw>
<status status="PASS" starttime="20220304 19:51:01.821" endtime="20220304 19:51:04.128"/>
</kw>
<kw name="Sleep" library="BuiltIn">
<arg>2sec</arg>
<doc>Pauses the test executed for the given time.</doc>
<msg timestamp="20220304 19:51:06.133" level="INFO">Slept 2 seconds</msg>
<status status="PASS" starttime="20220304 19:51:04.128" endtime="20220304 19:51:06.134"/>
</kw>
<kw name="Select price range" library="filteredthesearch">
<kw name="Input Text" library="SeleniumLibrary">
<arg>${Min_Max_price_inputLink}[0]</arg>
<arg>${Min_Max_price}[0]</arg>
<doc>Types the given ``text`` into the text field identified by ``locator``.</doc>
<msg timestamp="20220304 19:51:06.138" level="INFO">Typing text '250' into text field 'xpath://input[@id="low-price"]'.</msg>
<status status="PASS" starttime="20220304 19:51:06.136" endtime="20220304 19:51:06.398"/>
</kw>
<kw name="Textfield Value Should Be" library="SeleniumLibrary">
<arg>${Min_Max_price_inputLink}[0]</arg>
<arg>${Min_Max_price}[0]</arg>
<doc>Verifies text field ``locator`` has exactly text ``expected``.</doc>
<msg timestamp="20220304 19:51:06.463" level="INFO">Content of text field 'xpath://input[@id="low-price"]' is '250'.</msg>
<status status="PASS" starttime="20220304 19:51:06.398" endtime="20220304 19:51:06.463"/>
</kw>
<kw name="Input Text" library="SeleniumLibrary">
<arg>${Min_Max_price_inputLink}[1]</arg>
<arg>${Min_Max_price}[1]</arg>
<doc>Types the given ``text`` into the text field identified by ``locator``.</doc>
<msg timestamp="20220304 19:51:06.464" level="INFO">Typing text '1000' into text field 'xpath://input[@id="high-price"]'.</msg>
<status status="PASS" starttime="20220304 19:51:06.463" endtime="20220304 19:51:06.618"/>
</kw>
<kw name="Textfield Value Should Be" library="SeleniumLibrary">
<arg>${Min_Max_price_inputLink}[1]</arg>
<arg>${Min_Max_price}[1]</arg>
<doc>Verifies text field ``locator`` has exactly text ``expected``.</doc>
<msg timestamp="20220304 19:51:06.656" level="INFO">Content of text field 'xpath://input[@id="high-price"]' is '1000'.</msg>
<status status="PASS" starttime="20220304 19:51:06.618" endtime="20220304 19:51:06.656"/>
</kw>
<kw name="Click Button" library="SeleniumLibrary">
<arg>${Min_Max_price_inputLink}[2]</arg>
<doc>Clicks the button identified by ``locator``.</doc>
<msg timestamp="20220304 19:51:06.657" level="INFO">Clicking button 'xpath://*[@id="a-autoid-1"]/span/input'.</msg>
<status status="PASS" starttime="20220304 19:51:06.656" endtime="20220304 19:51:08.945"/>
</kw>
<status status="PASS" starttime="20220304 19:51:06.134" endtime="20220304 19:51:08.946"/>
</kw>
<kw name="Sleep" library="BuiltIn">
<arg>2sec</arg>
<doc>Pauses the test executed for the given time.</doc>
<msg timestamp="20220304 19:51:10.954" level="INFO">Slept 2 seconds</msg>
<status status="PASS" starttime="20220304 19:51:08.946" endtime="20220304 19:51:10.954"/>
</kw>
<kw name="Select customer review" library="filteredthesearch">
<kw name="Click Element" library="SeleniumLibrary">
<arg>${customer-review}</arg>
<doc>Click the element identified by ``locator``.</doc>
<msg timestamp="20220304 19:51:10.958" level="INFO">Clicking element 'xpath://span[text()="4 Stars &amp; Up"]//ancestor::i[1]'.</msg>
<status status="PASS" starttime="20220304 19:51:10.957" endtime="20220304 19:51:11.229"/>
</kw>
<status status="PASS" starttime="20220304 19:51:10.955" endtime="20220304 19:51:11.229"/>
</kw>
<status status="PASS" starttime="20220304 19:50:56.815" endtime="20220304 19:51:11.229"/>
</kw>
<kw name="End Web Test" library="Common" type="TEARDOWN">
<kw name="Close Browser" library="SeleniumLibrary">
<doc>Closes the current browser.</doc>
<status status="PASS" starttime="20220304 19:51:11.230" endtime="20220304 19:51:15.103"/>
</kw>
<status status="PASS" starttime="20220304 19:51:11.230" endtime="20220304 19:51:15.104"/>
</kw>
<doc>This is for validation purpose only</doc>
<tag>Smoke</tag>
<status status="PASS" starttime="20220304 19:50:43.725" endtime="20220304 19:51:15.105"/>
</test>
<status status="PASS" starttime="20220304 19:50:43.449" endtime="20220304 19:51:15.108"/>
</suite>
<statistics>
<total>
<stat pass="1" fail="0" skip="0">All Tests</stat>
</total>
<tag>
<stat pass="1" fail="0" skip="0">Smoke</stat>
</tag>
<suite>
<stat pass="1" fail="0" skip="0" id="s1" name="Productsearch">Productsearch</stat>
</suite>
</statistics>
<errors>
</errors>
</robot>
